18-11-2020 08:20:23:[igk_sys_shutdown_function] - Array(4):[
type:1
message:Uncaught Exception: /|\ must start session in /Volumes/Data/wwwroot/core/Lib/igk/igk_framework.php:7304
Stack trace:
#0 /Volumes/Data/wwwroot/core/Lib/igk/igk_framework.php(75134): igk_die('/|\\ must start ...')
#1 /Volumes/Data/wwwroot/core/Lib/igk/igk_framework.php(18418): IGKLog::getInstance()
#2 /Volumes/Data/wwwroot/core/Lib/igk/igk_framework.php(16471): igk_log_write_i('igk_io_save_fil...', 'chmodfailed')
#3 /Volumes/Data/wwwroot/core/Lib/igk/igk_framework.php(16819): igk_io_save_file_as_utf8_wbom('/Volumes/Data/w...', '<?php\n// \n// @d...', true, 509, 'w+')
#4 /Volumes/Data/wwwroot/sites/install_site.php(34): igk_io_w2file('/Volumes/Data/w...', '<?php\n// \n// @d...')
#5 {main}
  thrown
file:/Volumes/Data/wwwroot/core/Lib/igk/igk_framework.php
line:7304
]
18-11-2020 08:20:23:[igk_sys_g_handle_error] - :
severity: 2 session_destroy(): Trying to destroy uninitialized session /Volumes/Data/wwwroot/core/Lib/igk/igk_framework.php:21055
18-11-2020 08:23:44:[igk_sys_shutdown_function] - Array(4):[
type:1
message:Uncaught Exception: /|\ must start session in /Volumes/Data/wwwroot/core/Lib/igk/igk_framework.php:7304
Stack trace:
#0 /Volumes/Data/wwwroot/core/Lib/igk/igk_framework.php(75134): igk_die('/|\\ must start ...')
#1 /Volumes/Data/wwwroot/core/Lib/igk/igk_framework.php(18418): IGKLog::getInstance()
#2 /Volumes/Data/wwwroot/core/Lib/igk/igk_framework.php(16471): igk_log_write_i('igk_io_save_fil...', 'chmodfailed')
#3 /Volumes/Data/wwwroot/core/Lib/igk/igk_framework.php(16819): igk_io_save_file_as_utf8_wbom('/Volumes/Data/w...', '<VirtualHost *:...', true, 509, 'w+')
#4 /Volumes/Data/wwwroot/sites/install_site.php(60): igk_io_w2file('/Volumes/Data/w...', '<VirtualHost *:...')
#5 {main}
  thrown
file:/Volumes/Data/wwwroot/core/Lib/igk/igk_framework.php
line:7304
]
18-11-2020 08:23:44:[igk_sys_g_handle_error] - :
severity: 2 session_destroy(): Trying to destroy uninitialized session /Volumes/Data/wwwroot/core/Lib/igk/igk_framework.php:21055
18-11-2020 08:26:53:[igk_sys_shutdown_function] - Array(4):[
type:1
message:Uncaught Exception: /|\ must start session in /Volumes/Data/wwwroot/core/Lib/igk/igk_framework.php:7304
Stack trace:
#0 /Volumes/Data/wwwroot/core/Lib/igk/igk_framework.php(75134): igk_die('/|\\ must start ...')
#1 /Volumes/Data/wwwroot/core/Lib/igk/igk_framework.php(18418): IGKLog::getInstance()
#2 /Volumes/Data/wwwroot/core/Lib/igk/igk_framework.php(16471): igk_log_write_i('igk_io_save_fil...', 'chmodfailed')
#3 /Volumes/Data/wwwroot/core/Lib/igk/igk_framework.php(16819): igk_io_save_file_as_utf8_wbom('/Volumes/Data/w...', '<VirtualHost *:...', true, 509, 'w+')
#4 /Volumes/Data/wwwroot/sites/install_site.php(62): igk_io_w2file('/Volumes/Data/w...', '<VirtualHost *:...')
#5 {main}
  thrown
file:/Volumes/Data/wwwroot/core/Lib/igk/igk_framework.php
line:7304
]
18-11-2020 08:26:53:[igk_sys_g_handle_error] - :
severity: 2 session_destroy(): Trying to destroy uninitialized session /Volumes/Data/wwwroot/core/Lib/igk/igk_framework.php:21055
